======================================================================
  SYSTEM UPDATE CHECK REPORT
  Generated: 2025-11-27 16:27:32
  Distribution: Arch Linux
======================================================================

⚠️  19 package(s) available for update:

Package Name                   Current              New Version         
----------------------------------------------------------------------
docker                         1:28.5.2-1           1:29.0.4-1          
electron38                     38.7.1-1             38.7.2-1            
libnghttp3                     1.12.0-1             1.13.1-1            
libnice                        0.1.22-2             0.1.23-1            
libproxy                       0.5.11-1             0.5.12-1            
qt6-5compat                    6.10.0-2             6.10.1-1            
qt6-base                       6.10.0-3             6.10.1-1            
qt6-declarative                6.10.0-2             6.10.1-1            
qt6-multimedia                 6.10.0-3             6.10.1-1            
qt6-multimedia-ffmpeg          6.10.0-3             6.10.1-1            
qt6-scxml                      6.10.0-1             6.10.1-1            
qt6-shadertools                6.10.0-1             6.10.1-1            
qt6-speech                     6.10.0-1             6.10.1-1            
qt6-svg                        6.10.0-2             6.10.1-1            
qt6-tools                      6.10.0-2             6.10.1-1            
qt6-translations               6.10.0-1             6.10.1-1            
qt6-wayland                    6.10.0-1             6.10.1-1            
xorg-server                    21.1.20-1            21.1.21-1           
xorg-server-common             21.1.20-1            21.1.21-1           

======================================================================
HOW TO UPDATE:
  sudo pacman -Syu
======================================================================
